{"/Users/barrop02/workspace/bbc-login-cookie-builder/src/cookie-builder.js": {"path":"/Users/barrop02/workspace/bbc-login-cookie-builder/src/cookie-builder.js","statementMap":{"0":{"start":{"line":6,"column":0},"end":{"line":20,"column":1}},"1":{"start":{"line":7,"column":4},"end":{"line":19,"column":6}}},"fnMap":{"0":{"name":"(anonymous_0)","decl":{"start":{"line":6,"column":23},"end":{"line":6,"column":24}},"loc":{"start":{"line":6,"column":50},"end":{"line":20,"column":1}},"line":6}},"branchMap":{"0":{"loc":{"start":{"line":6,"column":31},"end":{"line":6,"column":45}},"type":"default-arg","locations":[{"start":{"line":6,"column":43},"end":{"line":6,"column":45}}],"line":6}},"s":{"0":1,"1":2},"f":{"0":2},"b":{"0":[1]},"_coverageSchema":"332fd63041d2c1bcb487cc26dd0d5f7d97098a6c","hash":"ed6facb2f5f2bdaaadaa16eea06824794d19d93c"}
}
